<?xml version="1.0" encoding="UTF-8"?>
<!-- Generated by org.testng.reporters.JUnitReportReporter -->
<testsuite skipped="2" hostname="admin-PC" name="com.Xyphias.QA.RahulCompletePOM.ContactsPageTest" tests="4" failures="0" timestamp="08 Aug 2019 10:20:37 GMT" time="332.275" errors="0">
  <testcase name="validateNewContactTest" time="160.648" classname="com.Xyphias.QA.RahulCompletePOM.ContactsPageTest"/>
  <testcase name="validateNewContactTest" time="171.627" classname="com.Xyphias.QA.RahulCompletePOM.ContactsPageTest"/>
  <testcase name="contactslabeltest" classname="com.Xyphias.QA.RahulCompletePOM.ContactsPageTest">
    <skipped/>
  </testcase> <!-- contactslabeltest -->
  <testcase name="singleselectnametest" classname="com.Xyphias.QA.RahulCompletePOM.ContactsPageTest">
    <skipped/>
  </testcase> <!-- singleselectnametest -->
</testsuite> <!-- com.Xyphias.QA.RahulCompletePOM.ContactsPageTest -->
